2022-06-25 13:43:09,916 INFO com.onlinemuseum.OnlineMuseumApplication [restartedMain] Starting OnlineMuseumApplication using Java 17.0.3.1 on LAPTOP-3T8KATB8 with PID 548 (C:\Users\Lenovo\Desktop\OnlineMuseum\target\classes started by Lenovo in C:\Users\Lenovo\Desktop\OnlineMuseum)
2022-06-25 13:43:09,920 INFO com.onlinemuseum.OnlineMuseumApplication [restartedMain] No active profile set, falling back to 1 default profile: "default"
2022-06-25 13:43:09,970 INFO org.springframework.boot.devtools.env.DevToolsPropertyDefaultsPostProcessor [restartedMain] Devtools property defaults active! Set 'spring.devtools.add-properties' to 'false' to disable
2022-06-25 13:43:09,971 INFO org.springframework.boot.devtools.env.DevToolsPropertyDefaultsPostProcessor [restartedMain] For additional web related logging consider setting the 'logging.level.web' property to 'DEBUG'
2022-06-25 13:43:11,106 INFO org.springframework.data.repository.config.RepositoryConfigurationDelegate [restartedMain] Bootstrapping Spring Data JPA repositories in DEFAULT mode.
2022-06-25 13:43:11,240 INFO org.springframework.data.repository.config.RepositoryConfigurationDelegate [restartedMain] Finished Spring Data repository scanning in 124 ms. Found 8 JPA repository interfaces.
2022-06-25 13:43:12,055 INFO org.springframework.boot.web.embedded.tomcat.TomcatWebServer [restartedMain] Tomcat initialized with port(s): 8080 (http)
2022-06-25 13:43:12,072 INFO org.apache.catalina.core.StandardService [restartedMain] Starting service [Tomcat]
2022-06-25 13:43:12,073 INFO org.apache.catalina.core.StandardEngine [restartedMain] Starting Servlet engine: [Apache Tomcat/9.0.63]
2022-06-25 13:43:12,201 INFO org.apache.catalina.core.ContainerBase.[Tomcat].[localhost].[/] [restartedMain] Initializing Spring embedded WebApplicationContext
2022-06-25 13:43:12,202 INFO org.springframework.boot.web.servlet.context.ServletWebServerApplicationContext [restartedMain] Root WebApplicationContext: initialization completed in 2231 ms
2022-06-25 13:43:12,900 INFO com.zaxxer.hikari.HikariDataSource [restartedMain] HikariPool-1 - Starting...
2022-06-25 13:43:13,665 INFO com.zaxxer.hikari.HikariDataSource [restartedMain] HikariPool-1 - Start completed.
2022-06-25 13:43:15,005 INFO org.springframework.orm.jpa.LocalContainerEntityManagerFactoryBean [restartedMain] Initialized JPA EntityManagerFactory for persistence unit 'default'
2022-06-25 13:43:15,580 WARN org.springframework.boot.autoconfigure.orm.jpa.JpaBaseConfiguration$JpaWebConfiguration [restartedMain] spring.jpa.open-in-view is enabled by default. Therefore, database queries may be performed during view rendering. Explicitly configure spring.jpa.open-in-view to disable this warning
2022-06-25 13:43:16,146 INFO org.springframework.security.web.DefaultSecurityFilterChain [restartedMain] Will secure any request with [org.springframework.security.web.session.DisableEncodeUrlFilter@440197ce, org.springframework.security.web.context.request.async.WebAsyncManagerIntegrationFilter@727371ba, org.springframework.security.web.context.SecurityContextPersistenceFilter@5643f905, org.springframework.security.web.header.HeaderWriterFilter@7448c2a3, org.springframework.web.filter.CorsFilter@3509a952, org.springframework.security.web.authentication.logout.LogoutFilter@40265e0a, com.onlinemuseum.filter.JwtFilter@914466d, org.springframework.security.web.savedrequest.RequestCacheAwareFilter@7c51184e, org.springframework.security.web.servletapi.SecurityContextHolderAwareRequestFilter@206a0944, org.springframework.security.web.authentication.AnonymousAuthenticationFilter@1139855d, org.springframework.security.web.session.SessionManagementFilter@2f9e342d, org.springframework.security.web.access.ExceptionTranslationFilter@4a4699e7, org.springframework.security.web.access.intercept.FilterSecurityInterceptor@5fb902d6]
2022-06-25 13:43:16,635 INFO org.springframework.boot.devtools.autoconfigure.OptionalLiveReloadServer [restartedMain] LiveReload server is running on port 35729
2022-06-25 13:43:16,675 INFO org.springframework.boot.web.embedded.tomcat.TomcatWebServer [restartedMain] Tomcat started on port(s): 8080 (http) with context path ''
2022-06-25 13:43:16,686 INFO com.onlinemuseum.OnlineMuseumApplication [restartedMain] Started OnlineMuseumApplication in 7.371 seconds (JVM running for 8.564)
2022-06-25 13:45:04,791 INFO org.springframework.orm.jpa.LocalContainerEntityManagerFactoryBean [SpringApplicationShutdownHook] Closing JPA EntityManagerFactory for persistence unit 'default'
2022-06-25 13:45:04,793 INFO com.zaxxer.hikari.HikariDataSource [SpringApplicationShutdownHook] HikariPool-1 - Shutdown initiated...
2022-06-25 13:45:04,799 INFO com.zaxxer.hikari.HikariDataSource [SpringApplicationShutdownHook] HikariPool-1 - Shutdown completed.
